2024-07-22 21:50:26,930 [myid:] - INFO  [main:QuorumPeerConfig@174] - Reading configuration from: /data/sy0218/zookeeper/bin/../conf/zoo.cfg
2024-07-22 21:50:26,937 [myid:] - INFO  [main:QuorumPeerConfig@444] - clientPortAddress is 0.0.0.0:2181
2024-07-22 21:50:26,938 [myid:] - INFO  [main:QuorumPeerConfig@448] - secureClientPort is not set
2024-07-22 21:50:26,938 [myid:] - INFO  [main:QuorumPeerConfig@464] - observerMasterPort is not set
2024-07-22 21:50:26,938 [myid:] - INFO  [main:QuorumPeerConfig@481] - metricsProvider.className is org.apache.zookeeper.metrics.impl.DefaultMetricsProvider
2024-07-22 21:50:26,948 [myid:1] - INFO  [main:DatadirCleanupManager@78] - autopurge.snapRetainCount set to 3
2024-07-22 21:50:26,954 [myid:1] - INFO  [main:DatadirCleanupManager@79] - autopurge.purgeInterval set to 0
2024-07-22 21:50:26,954 [myid:1] - INFO  [main:DatadirCleanupManager@101] - Purge task is not scheduled.
2024-07-22 21:50:26,955 [myid:1] - INFO  [main:ManagedUtil@46] - Log4j 1.2 jmx support not found; jmx disabled.
2024-07-22 21:50:26,955 [myid:1] - INFO  [main:QuorumPeerMain@152] - Starting quorum peer, myid=1
2024-07-22 21:50:26,971 [myid:1] - INFO  [main:ServerMetrics@62] - ServerMetrics initialized with provider org.apache.zookeeper.metrics.impl.DefaultMetricsProvider@6a5fc7f7
2024-07-22 21:50:26,981 [myid:1] - INFO  [main:DigestAuthenticationProvider@47] - ACL digest algorithm is: SHA1
2024-07-22 21:50:26,982 [myid:1] - INFO  [main:DigestAuthenticationProvider@61] - zookeeper.DigestAuthenticationProvider.enabled = true
2024-07-22 21:50:27,003 [myid:1] - INFO  [main:ServerCnxnFactory@169] - Using org.apache.zookeeper.server.NIOServerCnxnFactory as server connection factory
2024-07-22 21:50:27,004 [myid:1] - WARN  [main:ServerCnxnFactory@309] - maxCnxns is not configured, using default value 0.
2024-07-22 21:50:27,007 [myid:1] - INFO  [main:NIOServerCnxnFactory@652] - Configuring NIO connection handler with 10s sessionless connection timeout, 1 selector thread(s), 4 worker threads, and 64 kB direct buffers.
2024-07-22 21:50:27,012 [myid:1] - INFO  [main:NIOServerCnxnFactory@660] - binding to port 0.0.0.0/0.0.0.0:2181
2024-07-22 21:50:27,019 [myid:1] - INFO  [main:QuorumPeer@797] - zookeeper.quorumCnxnTimeoutMs=-1
2024-07-22 21:50:27,052 [myid:1] - INFO  [main:Log@170] - Logging initialized @521ms to org.eclipse.jetty.util.log.Slf4jLog
2024-07-22 21:50:27,198 [myid:1] - WARN  [main:ContextHandler@1662] - o.e.j.s.ServletContextHandler@34c4973{/,null,STOPPED} contextPath ends with /*
2024-07-22 21:50:27,198 [myid:1] - WARN  [main:ContextHandler@1673] - Empty contextPath
2024-07-22 21:50:27,239 [myid:1] - INFO  [main:X509Util@79] - Setting -D jdk.tls.rejectClientInitiatedRenegotiation=true to disable client-initiated TLS renegotiation
2024-07-22 21:50:27,241 [myid:1] - INFO  [main:FileTxnSnapLog@124] - zookeeper.snapshot.trust.empty : false
2024-07-22 21:50:27,256 [myid:1] - INFO  [main:QuorumPeer@1747] - Local sessions disabled
2024-07-22 21:50:27,256 [myid:1] - INFO  [main:QuorumPeer@1758] - Local session upgrading disabled
2024-07-22 21:50:27,256 [myid:1] - INFO  [main:QuorumPeer@1725] - tickTime set to 2000
2024-07-22 21:50:27,256 [myid:1] - INFO  [main:QuorumPeer@1769] - minSessionTimeout set to 4000
2024-07-22 21:50:27,256 [myid:1] - INFO  [main:QuorumPeer@1780] - maxSessionTimeout set to 40000
2024-07-22 21:50:27,257 [myid:1] - INFO  [main:QuorumPeer@1805] - initLimit set to 11
2024-07-22 21:50:27,257 [myid:1] - INFO  [main:QuorumPeer@1992] - syncLimit set to 5
2024-07-22 21:50:27,257 [myid:1] - INFO  [main:QuorumPeer@2007] - connectToLearnerMasterLimit set to 0
2024-07-22 21:50:27,269 [myid:1] - INFO  [main:ZookeeperBanner@42] - 
2024-07-22 21:50:27,269 [myid:1] - INFO  [main:ZookeeperBanner@42] -   ______                  _                                          
2024-07-22 21:50:27,269 [myid:1] - INFO  [main:ZookeeperBanner@42] -  |___  /                 | |                                         
2024-07-22 21:50:27,269 [myid:1] - INFO  [main:ZookeeperBanner@42] -     / /    ___     ___   | | __   ___    ___   _ __     ___   _ __   
2024-07-22 21:50:27,269 [myid:1] - INFO  [main:ZookeeperBanner@42] -    / /    / _ \   / _ \  | |/ /  / _ \  / _ \ | '_ \   / _ \ | '__|
2024-07-22 21:50:27,269 [myid:1] - INFO  [main:ZookeeperBanner@42] -   / /__  | (_) | | (_) | |   <  |  __/ |  __/ | |_) | |  __/ | |    
2024-07-22 21:50:27,270 [myid:1] - INFO  [main:ZookeeperBanner@42] -  /_____|  \___/   \___/  |_|\_\  \___|  \___| | .__/   \___| |_|
2024-07-22 21:50:27,270 [myid:1] - INFO  [main:ZookeeperBanner@42] -                                               | |                     
2024-07-22 21:50:27,270 [myid:1] - INFO  [main:ZookeeperBanner@42] -                                               |_|                     
2024-07-22 21:50:27,270 [myid:1] - INFO  [main:ZookeeperBanner@42] - 
2024-07-22 21:50:27,272 [myid:1] - INFO  [main:Environment@98] - Server environment:zookeeper.version=3.7.2-c06c7c8a3e95779d4becb1938b378596e3b420d0, built on 2023-10-06 09:51 UTC
2024-07-22 21:50:27,272 [myid:1] - INFO  [main:Environment@98] - Server environment:host.name=kube-control1
2024-07-22 21:50:27,272 [myid:1] - INFO  [main:Environment@98] - Server environment:java.version=1.8.0_412
2024-07-22 21:50:27,272 [myid:1] - INFO  [main:Environment@98] - Server environment:java.vendor=Private Build
2024-07-22 21:50:27,272 [myid:1] - INFO  [main:Environment@98] - Server environment:java.home=/usr/lib/jvm/java-8-openjdk-amd64/jre
2024-07-22 21:50:27,272 [myid:1] - INFO  [main:Environment@98] - Server environment:java.class.path=/data/sy0218/zookeeper/bin/../zookeeper-server/target/classes:/data/sy0218/zookeeper/bin/../build/classes:/data/sy0218/zookeeper/bin/../zookeeper-server/target/lib/*.jar:/data/sy0218/zookeeper/bin/../build/lib/*.jar:/data/sy0218/zookeeper/bin/../lib/zookeeper-prometheus-metrics-3.7.2.jar:/data/sy0218/zookeeper/bin/../lib/zookeeper-jute-3.7.2.jar:/data/sy0218/zookeeper/bin/../lib/zookeeper-3.7.2.jar:/data/sy0218/zookeeper/bin/../lib/snappy-java-1.1.10.5.jar:/data/sy0218/zookeeper/bin/../lib/slf4j-reload4j-1.7.35.jar:/data/sy0218/zookeeper/bin/../lib/slf4j-api-1.7.35.jar:/data/sy0218/zookeeper/bin/../lib/simpleclient_servlet-0.9.0.jar:/data/sy0218/zookeeper/bin/../lib/simpleclient_hotspot-0.9.0.jar:/data/sy0218/zookeeper/bin/../lib/simpleclient_common-0.9.0.jar:/data/sy0218/zookeeper/bin/../lib/simpleclient-0.9.0.jar:/data/sy0218/zookeeper/bin/../lib/reload4j-1.2.22.jar:/data/sy0218/zookeeper/bin/../lib/netty-transport-native-unix-common-4.1.94.Final.jar:/data/sy0218/zookeeper/bin/../lib/netty-transport-native-epoll-4.1.94.Final.jar:/data/sy0218/zookeeper/bin/../lib/netty-transport-classes-epoll-4.1.94.Final.jar:/data/sy0218/zookeeper/bin/../lib/netty-transport-4.1.94.Final.jar:/data/sy0218/zookeeper/bin/../lib/netty-resolver-4.1.94.Final.jar:/data/sy0218/zookeeper/bin/../lib/netty-handler-4.1.94.Final.jar:/data/sy0218/zookeeper/bin/../lib/netty-common-4.1.94.Final.jar:/data/sy0218/zookeeper/bin/../lib/netty-codec-4.1.94.Final.jar:/data/sy0218/zookeeper/bin/../lib/netty-buffer-4.1.94.Final.jar:/data/sy0218/zookeeper/bin/../lib/metrics-core-4.1.12.1.jar:/data/sy0218/zookeeper/bin/../lib/jline-2.14.6.jar:/data/sy0218/zookeeper/bin/../lib/jetty-util-ajax-9.4.52.v20230823.jar:/data/sy0218/zookeeper/bin/../lib/jetty-util-9.4.52.v20230823.jar:/data/sy0218/zookeeper/bin/../lib/jetty-servlet-9.4.52.v20230823.jar:/data/sy0218/zookeeper/bin/../lib/jetty-server-9.4.52.v20230823.jar:/data/sy0218/zookeeper/bin/../lib/jetty-security-9.4.52.v20230823.jar:/data/sy0218/zookeeper/bin/../lib/jetty-io-9.4.52.v20230823.jar:/data/sy0218/zookeeper/bin/../lib/jetty-http-9.4.52.v20230823.jar:/data/sy0218/zookeeper/bin/../lib/javax.servlet-api-3.1.0.jar:/data/sy0218/zookeeper/bin/../lib/jackson-databind-2.15.2.jar:/data/sy0218/zookeeper/bin/../lib/jackson-core-2.15.2.jar:/data/sy0218/zookeeper/bin/../lib/jackson-annotations-2.15.2.jar:/data/sy0218/zookeeper/bin/../lib/commons-cli-1.5.0.jar:/data/sy0218/zookeeper/bin/../lib/audience-annotations-0.12.0.jar:/data/sy0218/zookeeper/bin/../zookeeper-*.jar:/data/sy0218/zookeeper/bin/../zookeeper-server/src/main/resources/lib/*.jar:/data/sy0218/zookeeper/bin/../conf:
2024-07-22 21:50:27,272 [myid:1] - INFO  [main:Environment@98] - Server environment:java.library.path=/usr/java/packages/lib/amd64:/usr/lib/x86_64-linux-gnu/jni:/lib/x86_64-linux-gnu:/usr/lib/x86_64-linux-gnu:/usr/lib/jni:/lib:/usr/lib
2024-07-22 21:50:27,272 [myid:1] - INFO  [main:Environment@98] - Server environment:java.io.tmpdir=/tmp
2024-07-22 21:50:27,272 [myid:1] - INFO  [main:Environment@98] - Server environment:java.compiler=<NA>
2024-07-22 21:50:27,272 [myid:1] - INFO  [main:Environment@98] - Server environment:os.name=Linux
2024-07-22 21:50:27,273 [myid:1] - INFO  [main:Environment@98] - Server environment:os.arch=amd64
2024-07-22 21:50:27,273 [myid:1] - INFO  [main:Environment@98] - Server environment:os.version=5.15.0-116-generic
2024-07-22 21:50:27,273 [myid:1] - INFO  [main:Environment@98] - Server environment:user.name=root
2024-07-22 21:50:27,273 [myid:1] - INFO  [main:Environment@98] - Server environment:user.home=/root
2024-07-22 21:50:27,273 [myid:1] - INFO  [main:Environment@98] - Server environment:user.dir=/root
2024-07-22 21:50:27,273 [myid:1] - INFO  [main:Environment@98] - Server environment:os.memory.free=30MB
2024-07-22 21:50:27,273 [myid:1] - INFO  [main:Environment@98] - Server environment:os.memory.max=889MB
2024-07-22 21:50:27,273 [myid:1] - INFO  [main:Environment@98] - Server environment:os.memory.total=46MB
2024-07-22 21:50:27,273 [myid:1] - INFO  [main:ZooKeeperServer@138] - zookeeper.enableEagerACLCheck = false
2024-07-22 21:50:27,273 [myid:1] - INFO  [main:ZooKeeperServer@151] - zookeeper.digest.enabled = true
2024-07-22 21:50:27,273 [myid:1] - INFO  [main:ZooKeeperServer@155] - zookeeper.closeSessionTxn.enabled = true
2024-07-22 21:50:27,273 [myid:1] - INFO  [main:ZooKeeperServer@1519] - zookeeper.flushDelay=0
2024-07-22 21:50:27,274 [myid:1] - INFO  [main:ZooKeeperServer@1528] - zookeeper.maxWriteQueuePollTime=0
2024-07-22 21:50:27,274 [myid:1] - INFO  [main:ZooKeeperServer@1537] - zookeeper.maxBatchSize=1000
2024-07-22 21:50:27,274 [myid:1] - INFO  [main:ZooKeeperServer@271] - zookeeper.intBufferStartingSizeBytes = 1024
2024-07-22 21:50:27,277 [myid:1] - INFO  [main:WatchManagerFactory@42] - Using org.apache.zookeeper.server.watch.WatchManager as watch manager
2024-07-22 21:50:27,278 [myid:1] - INFO  [main:WatchManagerFactory@42] - Using org.apache.zookeeper.server.watch.WatchManager as watch manager
2024-07-22 21:50:27,278 [myid:1] - INFO  [main:ZKDatabase@133] - zookeeper.snapshotSizeFactor = 0.33
2024-07-22 21:50:27,278 [myid:1] - INFO  [main:ZKDatabase@153] - zookeeper.commitLogCount=500
2024-07-22 21:50:27,300 [myid:1] - INFO  [main:QuorumPeer@2071] - Using insecure (non-TLS) quorum communication
2024-07-22 21:50:27,300 [myid:1] - INFO  [main:QuorumPeer@2077] - Port unification disabled
2024-07-22 21:50:27,300 [myid:1] - INFO  [main:QuorumPeer@180] - multiAddress.enabled set to false
2024-07-22 21:50:27,300 [myid:1] - INFO  [main:QuorumPeer@205] - multiAddress.reachabilityCheckEnabled set to true
2024-07-22 21:50:27,300 [myid:1] - INFO  [main:QuorumPeer@192] - multiAddress.reachabilityCheckTimeoutMs set to 1000
2024-07-22 21:50:27,300 [myid:1] - INFO  [main:QuorumPeer@2532] - QuorumPeer communication is not secured! (SASL auth disabled)
2024-07-22 21:50:27,300 [myid:1] - INFO  [main:QuorumPeer@2557] - quorum.cnxn.threads.size set to 20
2024-07-22 21:50:27,324 [myid:1] - INFO  [main:SnapStream@61] - zookeeper.snapshot.compression.method = CHECKED
2024-07-22 21:50:27,325 [myid:1] - INFO  [main:FileSnap@85] - Reading snapshot /data/sy0218/apache-zookeeper-3.7.2-bin/data/version-2/snapshot.0
2024-07-22 21:50:27,327 [myid:1] - INFO  [main:DataTree@1717] - The digest value is empty in snapshot
2024-07-22 21:50:27,330 [myid:1] - INFO  [main:ZKDatabase@290] - Snapshot loaded in 29 ms, highest zxid is 0x0, digest is 1371985504
2024-07-22 21:50:27,331 [myid:1] - INFO  [main:QuorumPeer@1157] - currentEpoch not found! Creating with a reasonable default of 0. This should only happen when you are upgrading your installation
2024-07-22 21:50:27,334 [myid:1] - INFO  [main:QuorumPeer@1185] - acceptedEpoch not found! Creating with a reasonable default of 0. This should only happen when you are upgrading your installation
2024-07-22 21:50:27,340 [myid:1] - INFO  [main:Server@375] - jetty-9.4.52.v20230823; built: 2023-08-23T19:29:37.669Z; git: abdcda73818a1a2c705da276edb0bf6581e7997e; jvm 1.8.0_412-8u412-ga-1~22.04.1-b08
2024-07-22 21:50:27,392 [myid:1] - INFO  [main:DefaultSessionIdManager@334] - DefaultSessionIdManager workerName=node0
2024-07-22 21:50:27,393 [myid:1] - INFO  [main:DefaultSessionIdManager@339] - No SessionScavenger set, using defaults
2024-07-22 21:50:27,395 [myid:1] - INFO  [main:HouseKeeper@132] - node0 Scavenging every 660000ms
2024-07-22 21:50:27,405 [myid:1] - WARN  [main:ConstraintSecurityHandler@759] - ServletContext@o.e.j.s.ServletContextHandler@34c4973{/,null,STARTING} has uncovered http methods for path: /*
2024-07-22 21:50:27,419 [myid:1] - INFO  [main:ContextHandler@921] - Started o.e.j.s.ServletContextHandler@34c4973{/,null,AVAILABLE}
2024-07-22 21:50:27,426 [myid:1] - INFO  [main:AbstractConnector@333] - Started ServerConnector@335eadca{HTTP/1.1, (http/1.1)}{0.0.0.0:8080}
2024-07-22 21:50:27,427 [myid:1] - INFO  [main:Server@415] - Started @896ms
2024-07-22 21:50:27,427 [myid:1] - INFO  [main:JettyAdminServer@190] - Started AdminServer on address 0.0.0.0, port 8080 and command URL /commands
2024-07-22 21:50:27,428 [myid:1] - INFO  [main:QuorumPeer@2574] - Using 10000ms as the quorum cnxn socket timeout
2024-07-22 21:50:27,439 [myid:1] - INFO  [main:QuorumCnxManager$Listener@924] - Election port bind maximum retries is 3
2024-07-22 21:50:27,443 [myid:1] - INFO  [main:FastLeaderElection@89] - zookeeper.fastleader.minNotificationInterval=200
2024-07-22 21:50:27,443 [myid:1] - INFO  [main:FastLeaderElection@91] - zookeeper.fastleader.maxNotificationInterval=60000
2024-07-22 21:50:27,446 [myid:1] - INFO  [ListenerHandler-/192.168.56.10:3888:QuorumCnxManager$Listener$ListenerHandler@1071] - 1 is accepting connections now, my election bind port: /192.168.56.10:3888
2024-07-22 21:50:27,447 [myid:1] - INFO  [main:ZKAuditProvider@42] - ZooKeeper audit is disabled.
2024-07-22 21:50:27,455 [myid:1] - INFO  [QuorumPeer[myid=1](plain=[0:0:0:0:0:0:0:0]:2181)(secure=disabled):QuorumPeer@1438] - LOOKING
2024-07-22 21:50:27,457 [myid:1] - INFO  [QuorumPeer[myid=1](plain=[0:0:0:0:0:0:0:0]:2181)(secure=disabled):FastLeaderElection@945] - New election. My id = 1, proposed zxid=0x0
2024-07-22 21:50:27,469 [myid:1] - INFO  [WorkerReceiver[myid=1]:FastLeaderElection$Messenger$WorkerReceiver@390] - Notification: my state:LOOKING; n.sid:1, n.state:LOOKING, n.leader:1, n.round:0x1, n.peerEpoch:0x0, n.zxid:0x0, message format version:0x2, n.config version:0x0
2024-07-22 21:50:27,474 [myid:1] - WARN  [QuorumConnectionThread-[myid=1]-1:QuorumCnxManager@401] - Cannot open channel to 2 at election address /192.168.56.11:3888
java.net.ConnectException: Connection refused (Connection refused)
	at java.net.PlainSocketImpl.socketConnect(Native Method)
	at java.net.AbstractPlainSocketImpl.doConnect(AbstractPlainSocketImpl.java:350)
	at java.net.AbstractPlainSocketImpl.connectToAddress(AbstractPlainSocketImpl.java:206)
	at java.net.AbstractPlainSocketImpl.connect(AbstractPlainSocketImpl.java:188)
	at java.net.SocksSocketImpl.connect(SocksSocketImpl.java:392)
	at java.net.Socket.connect(Socket.java:607)
	at org.apache.zookeeper.server.quorum.QuorumCnxManager.initiateConnection(QuorumCnxManager.java:384)
	at org.apache.zookeeper.server.quorum.QuorumCnxManager$QuorumConnectionReqThread.run(QuorumCnxManager.java:458)
	at java.util.concurrent.ThreadPoolExecutor.runWorker(ThreadPoolExecutor.java:1149)
	at java.util.concurrent.ThreadPoolExecutor$Worker.run(ThreadPoolExecutor.java:624)
	at java.lang.Thread.run(Thread.java:750)
2024-07-22 21:50:27,474 [myid:1] - WARN  [QuorumConnectionThread-[myid=1]-2:QuorumCnxManager@401] - Cannot open channel to 3 at election address /192.168.56.12:3888
java.net.ConnectException: Connection refused (Connection refused)
	at java.net.PlainSocketImpl.socketConnect(Native Method)
	at java.net.AbstractPlainSocketImpl.doConnect(AbstractPlainSocketImpl.java:350)
	at java.net.AbstractPlainSocketImpl.connectToAddress(AbstractPlainSocketImpl.java:206)
	at java.net.AbstractPlainSocketImpl.connect(AbstractPlainSocketImpl.java:188)
	at java.net.SocksSocketImpl.connect(SocksSocketImpl.java:392)
	at java.net.Socket.connect(Socket.java:607)
	at org.apache.zookeeper.server.quorum.QuorumCnxManager.initiateConnection(QuorumCnxManager.java:384)
	at org.apache.zookeeper.server.quorum.QuorumCnxManager$QuorumConnectionReqThread.run(QuorumCnxManager.java:458)
	at java.util.concurrent.ThreadPoolExecutor.runWorker(ThreadPoolExecutor.java:1149)
	at java.util.concurrent.ThreadPoolExecutor$Worker.run(ThreadPoolExecutor.java:624)
	at java.lang.Thread.run(Thread.java:750)
2024-07-22 21:50:27,676 [myid:1] - INFO  [QuorumPeer[myid=1](plain=[0:0:0:0:0:0:0:0]:2181)(secure=disabled):FastLeaderElection@980] - Notification time out: 400
2024-07-22 21:50:27,677 [myid:1] - WARN  [QuorumConnectionThread-[myid=1]-3:QuorumCnxManager@401] - Cannot open channel to 2 at election address /192.168.56.11:3888
java.net.ConnectException: Connection refused (Connection refused)
	at java.net.PlainSocketImpl.socketConnect(Native Method)
	at java.net.AbstractPlainSocketImpl.doConnect(AbstractPlainSocketImpl.java:350)
	at java.net.AbstractPlainSocketImpl.connectToAddress(AbstractPlainSocketImpl.java:206)
	at java.net.AbstractPlainSocketImpl.connect(AbstractPlainSocketImpl.java:188)
	at java.net.SocksSocketImpl.connect(SocksSocketImpl.java:392)
	at java.net.Socket.connect(Socket.java:607)
	at org.apache.zookeeper.server.quorum.QuorumCnxManager.initiateConnection(QuorumCnxManager.java:384)
	at org.apache.zookeeper.server.quorum.QuorumCnxManager$QuorumConnectionReqThread.run(QuorumCnxManager.java:458)
	at java.util.concurrent.ThreadPoolExecutor.runWorker(ThreadPoolExecutor.java:1149)
	at java.util.concurrent.ThreadPoolExecutor$Worker.run(ThreadPoolExecutor.java:624)
	at java.lang.Thread.run(Thread.java:750)
2024-07-22 21:50:27,693 [myid:1] - WARN  [QuorumConnectionThread-[myid=1]-2:QuorumCnxManager@401] - Cannot open channel to 3 at election address /192.168.56.12:3888
java.net.ConnectException: Connection refused (Connection refused)
	at java.net.PlainSocketImpl.socketConnect(Native Method)
	at java.net.AbstractPlainSocketImpl.doConnect(AbstractPlainSocketImpl.java:350)
	at java.net.AbstractPlainSocketImpl.connectToAddress(AbstractPlainSocketImpl.java:206)
	at java.net.AbstractPlainSocketImpl.connect(AbstractPlainSocketImpl.java:188)
	at java.net.SocksSocketImpl.connect(SocksSocketImpl.java:392)
	at java.net.Socket.connect(Socket.java:607)
	at org.apache.zookeeper.server.quorum.QuorumCnxManager.initiateConnection(QuorumCnxManager.java:384)
	at org.apache.zookeeper.server.quorum.QuorumCnxManager$QuorumConnectionReqThread.run(QuorumCnxManager.java:458)
	at java.util.concurrent.ThreadPoolExecutor.runWorker(ThreadPoolExecutor.java:1149)
	at java.util.concurrent.ThreadPoolExecutor$Worker.run(ThreadPoolExecutor.java:624)
	at java.lang.Thread.run(Thread.java:750)
2024-07-22 21:50:27,798 [myid:1] - INFO  [ListenerHandler-/192.168.56.10:3888:QuorumCnxManager$Listener$ListenerHandler@1076] - Received connection request from /192.168.56.12:48600
2024-07-22 21:50:27,819 [myid:1] - INFO  [WorkerReceiver[myid=1]:FastLeaderElection$Messenger$WorkerReceiver@390] - Notification: my state:LOOKING; n.sid:3, n.state:LOOKING, n.leader:3, n.round:0x1, n.peerEpoch:0x0, n.zxid:0x0, message format version:0x2, n.config version:0x0
2024-07-22 21:50:27,824 [myid:1] - INFO  [WorkerReceiver[myid=1]:FastLeaderElection$Messenger$WorkerReceiver@390] - Notification: my state:LOOKING; n.sid:1, n.state:LOOKING, n.leader:3, n.round:0x1, n.peerEpoch:0x0, n.zxid:0x0, message format version:0x2, n.config version:0x0
2024-07-22 21:50:27,825 [myid:1] - WARN  [QuorumConnectionThread-[myid=1]-2:QuorumCnxManager@401] - Cannot open channel to 2 at election address /192.168.56.11:3888
java.net.ConnectException: Connection refused (Connection refused)
	at java.net.PlainSocketImpl.socketConnect(Native Method)
	at java.net.AbstractPlainSocketImpl.doConnect(AbstractPlainSocketImpl.java:350)
	at java.net.AbstractPlainSocketImpl.connectToAddress(AbstractPlainSocketImpl.java:206)
	at java.net.AbstractPlainSocketImpl.connect(AbstractPlainSocketImpl.java:188)
	at java.net.SocksSocketImpl.connect(SocksSocketImpl.java:392)
	at java.net.Socket.connect(Socket.java:607)
	at org.apache.zookeeper.server.quorum.QuorumCnxManager.initiateConnection(QuorumCnxManager.java:384)
	at org.apache.zookeeper.server.quorum.QuorumCnxManager$QuorumConnectionReqThread.run(QuorumCnxManager.java:458)
	at java.util.concurrent.ThreadPoolExecutor.runWorker(ThreadPoolExecutor.java:1149)
	at java.util.concurrent.ThreadPoolExecutor$Worker.run(ThreadPoolExecutor.java:624)
	at java.lang.Thread.run(Thread.java:750)
2024-07-22 21:50:27,891 [myid:1] - INFO  [ListenerHandler-/192.168.56.10:3888:QuorumCnxManager$Listener$ListenerHandler@1076] - Received connection request from /192.168.56.11:57516
2024-07-22 21:50:27,906 [myid:1] - INFO  [WorkerReceiver[myid=1]:FastLeaderElection$Messenger$WorkerReceiver@390] - Notification: my state:LOOKING; n.sid:2, n.state:LOOKING, n.leader:2, n.round:0x1, n.peerEpoch:0x0, n.zxid:0x0, message format version:0x2, n.config version:0x0
2024-07-22 21:50:27,911 [myid:1] - INFO  [WorkerReceiver[myid=1]:FastLeaderElection$Messenger$WorkerReceiver@390] - Notification: my state:LOOKING; n.sid:2, n.state:LOOKING, n.leader:3, n.round:0x1, n.peerEpoch:0x0, n.zxid:0x0, message format version:0x2, n.config version:0x0
2024-07-22 21:50:28,112 [myid:1] - INFO  [QuorumPeer[myid=1](plain=[0:0:0:0:0:0:0:0]:2181)(secure=disabled):QuorumPeer@902] - Peer state changed: following
2024-07-22 21:50:28,113 [myid:1] - INFO  [QuorumPeer[myid=1](plain=[0:0:0:0:0:0:0:0]:2181)(secure=disabled):QuorumPeer@1520] - FOLLOWING
2024-07-22 21:50:28,123 [myid:1] - INFO  [QuorumPeer[myid=1](plain=[0:0:0:0:0:0:0:0]:2181)(secure=disabled):Learner@130] - leaderConnectDelayDuringRetryMs: 100
2024-07-22 21:50:28,124 [myid:1] - INFO  [QuorumPeer[myid=1](plain=[0:0:0:0:0:0:0:0]:2181)(secure=disabled):Learner@131] - TCP NoDelay set to: true
2024-07-22 21:50:28,124 [myid:1] - INFO  [QuorumPeer[myid=1](plain=[0:0:0:0:0:0:0:0]:2181)(secure=disabled):Learner@132] - zookeeper.learner.asyncSending = false
2024-07-22 21:50:28,124 [myid:1] - INFO  [QuorumPeer[myid=1](plain=[0:0:0:0:0:0:0:0]:2181)(secure=disabled):Learner@133] - zookeeper.learner.closeSocketAsync = false
2024-07-22 21:50:28,128 [myid:1] - INFO  [QuorumPeer[myid=1](plain=[0:0:0:0:0:0:0:0]:2181)(secure=disabled):BlueThrottle@141] - Weighed connection throttling is disabled
2024-07-22 21:50:28,130 [myid:1] - INFO  [QuorumPeer[myid=1](plain=[0:0:0:0:0:0:0:0]:2181)(secure=disabled):ZooKeeperServer@1320] - minSessionTimeout set to 4000
2024-07-22 21:50:28,131 [myid:1] - INFO  [QuorumPeer[myid=1](plain=[0:0:0:0:0:0:0:0]:2181)(secure=disabled):ZooKeeperServer@1329] - maxSessionTimeout set to 40000
2024-07-22 21:50:28,132 [myid:1] - INFO  [QuorumPeer[myid=1](plain=[0:0:0:0:0:0:0:0]:2181)(secure=disabled):ResponseCache@45] - getData response cache size is initialized with value 400.
2024-07-22 21:50:28,133 [myid:1] - INFO  [QuorumPeer[myid=1](plain=[0:0:0:0:0:0:0:0]:2181)(secure=disabled):ResponseCache@45] - getChildren response cache size is initialized with value 400.
2024-07-22 21:50:28,135 [myid:1] - INFO  [QuorumPeer[myid=1](plain=[0:0:0:0:0:0:0:0]:2181)(secure=disabled):RequestPathMetricsCollector@109] - zookeeper.pathStats.slotCapacity = 60
2024-07-22 21:50:28,136 [myid:1] - INFO  [QuorumPeer[myid=1](plain=[0:0:0:0:0:0:0:0]:2181)(secure=disabled):RequestPathMetricsCollector@110] - zookeeper.pathStats.slotDuration = 15
2024-07-22 21:50:28,136 [myid:1] - INFO  [QuorumPeer[myid=1](plain=[0:0:0:0:0:0:0:0]:2181)(secure=disabled):RequestPathMetricsCollector@111] - zookeeper.pathStats.maxDepth = 6
2024-07-22 21:50:28,136 [myid:1] - INFO  [QuorumPeer[myid=1](plain=[0:0:0:0:0:0:0:0]:2181)(secure=disabled):RequestPathMetricsCollector@112] - zookeeper.pathStats.initialDelay = 5
2024-07-22 21:50:28,137 [myid:1] - INFO  [QuorumPeer[myid=1](plain=[0:0:0:0:0:0:0:0]:2181)(secure=disabled):RequestPathMetricsCollector@113] - zookeeper.pathStats.delay = 5
2024-07-22 21:50:28,137 [myid:1] - INFO  [QuorumPeer[myid=1](plain=[0:0:0:0:0:0:0:0]:2181)(secure=disabled):RequestPathMetricsCollector@114] - zookeeper.pathStats.enabled = false
2024-07-22 21:50:28,144 [myid:1] - INFO  [QuorumPeer[myid=1](plain=[0:0:0:0:0:0:0:0]:2181)(secure=disabled):ZooKeeperServer@1556] - The max bytes for all large requests are set to 104857600
2024-07-22 21:50:28,145 [myid:1] - INFO  [QuorumPeer[myid=1](plain=[0:0:0:0:0:0:0:0]:2181)(secure=disabled):ZooKeeperServer@1570] - The large request threshold is set to -1
2024-07-22 21:50:28,146 [myid:1] - INFO  [QuorumPeer[myid=1](plain=[0:0:0:0:0:0:0:0]:2181)(secure=disabled):AuthenticationHelper@66] - zookeeper.enforce.auth.enabled = false
2024-07-22 21:50:28,146 [myid:1] - INFO  [QuorumPeer[myid=1](plain=[0:0:0:0:0:0:0:0]:2181)(secure=disabled):AuthenticationHelper@67] - zookeeper.enforce.auth.schemes = []
2024-07-22 21:50:28,149 [myid:1] - INFO  [QuorumPeer[myid=1](plain=[0:0:0:0:0:0:0:0]:2181)(secure=disabled):ZooKeeperServer@372] - Created server with tickTime 2000 minSessionTimeout 4000 maxSessionTimeout 40000 clientPortListenBacklog -1 datadir /data/sy0218/apache-zookeeper-3.7.2-bin/data/version-2 snapdir /data/sy0218/apache-zookeeper-3.7.2-bin/data/version-2
2024-07-22 21:50:28,152 [myid:1] - INFO  [QuorumPeer[myid=1](plain=[0:0:0:0:0:0:0:0]:2181)(secure=disabled):Follower@77] - FOLLOWING - LEADER ELECTION TOOK - 695 MS
2024-07-22 21:50:28,167 [myid:1] - INFO  [QuorumPeer[myid=1](plain=[0:0:0:0:0:0:0:0]:2181)(secure=disabled):QuorumPeer@916] - Peer state changed: following - discovery
2024-07-22 21:50:28,171 [myid:1] - INFO  [LeaderConnector-/192.168.56.12:2888:Learner$LeaderConnector@384] - Successfully connected to leader, using address: /192.168.56.12:2888
2024-07-22 21:50:28,203 [myid:1] - INFO  [QuorumPeer[myid=1](plain=[0:0:0:0:0:0:0:0]:2181)(secure=disabled):QuorumPeer@916] - Peer state changed: following - synchronization
2024-07-22 21:50:28,211 [myid:1] - INFO  [QuorumPeer[myid=1](plain=[0:0:0:0:0:0:0:0]:2181)(secure=disabled):Learner@565] - Getting a diff from the leader 0x0
2024-07-22 21:50:28,211 [myid:1] - INFO  [QuorumPeer[myid=1](plain=[0:0:0:0:0:0:0:0]:2181)(secure=disabled):QuorumPeer@921] - Peer state changed: following - synchronization - diff
2024-07-22 21:50:28,217 [myid:1] - INFO  [QuorumPeer[myid=1](plain=[0:0:0:0:0:0:0:0]:2181)(secure=disabled):Learner@737] - Learner received NEWLEADER message
2024-07-22 21:50:28,218 [myid:1] - INFO  [QuorumPeer[myid=1](plain=[0:0:0:0:0:0:0:0]:2181)(secure=disabled):QuorumPeer@1875] - Dynamic reconfig is disabled, we don't store the last seen config.
2024-07-22 21:50:28,222 [myid:1] - INFO  [QuorumPeer[myid=1](plain=[0:0:0:0:0:0:0:0]:2181)(secure=disabled):QuorumPeer@921] - Peer state changed: following - synchronization
2024-07-22 21:50:28,230 [myid:1] - INFO  [QuorumPeer[myid=1](plain=[0:0:0:0:0:0:0:0]:2181)(secure=disabled):CommitProcessor@490] - Configuring CommitProcessor with readBatchSize -1 commitBatchSize 1
2024-07-22 21:50:28,230 [myid:1] - INFO  [QuorumPeer[myid=1](plain=[0:0:0:0:0:0:0:0]:2181)(secure=disabled):CommitProcessor@451] - Configuring CommitProcessor with 2 worker threads.
2024-07-22 21:50:28,232 [myid:1] - INFO  [QuorumPeer[myid=1](plain=[0:0:0:0:0:0:0:0]:2181)(secure=disabled):FollowerRequestProcessor@59] - Initialized FollowerRequestProcessor with zookeeper.follower.skipLearnerRequestToNextProcessor as false
2024-07-22 21:50:28,236 [myid:1] - INFO  [QuorumPeer[myid=1](plain=[0:0:0:0:0:0:0:0]:2181)(secure=disabled):RequestThrottler@75] - zookeeper.request_throttler.shutdownTimeout = 10000
2024-07-22 21:50:28,316 [myid:1] - INFO  [QuorumPeer[myid=1](plain=[0:0:0:0:0:0:0:0]:2181)(secure=disabled):Learner@721] - Learner received UPTODATE message
2024-07-22 21:50:28,316 [myid:1] - INFO  [QuorumPeer[myid=1](plain=[0:0:0:0:0:0:0:0]:2181)(secure=disabled):QuorumPeer@916] - Peer state changed: following - broadcast
2024-07-22 21:52:50,311 [myid:1] - INFO  [NIOWorkerThread-1:FourLetterCommands@223] - The list of known four letter word commands is : [{1936881266=srvr, 1937006964=stat, 2003003491=wchc, 1685417328=dump, 1668445044=crst, 1936880500=srst, 1701738089=envi, 1668247142=conf, -720899=telnet close, 1751217000=hash, 2003003507=wchs, 2003003504=wchp, 1684632179=dirs, 1668247155=cons, 1835955314=mntr, 1769173615=isro, 1920298859=ruok, 1735683435=gtmk, 1937010027=stmk}]
2024-07-22 21:52:50,311 [myid:1] - INFO  [NIOWorkerThread-1:FourLetterCommands@224] - The list of enabled four letter word commands is : [[srvr]]
2024-07-22 21:52:50,312 [myid:1] - INFO  [NIOWorkerThread-1:NIOServerCnxn@522] - Processing srvr command from /127.0.0.1:58628
